<?xml version="1.0" encoding="UTF-8"?>
<coverage generated="1535570501109" clover="3.2.0">
  <project timestamp="1535570501110" name="All files">
    <metrics statements="20" coveredstatements="10" conditionals="4" coveredconditionals="1" methods="9" coveredmethods="1" elements="33" coveredelements="12" complexity="0" loc="20" ncloc="20" packages="3" files="3" classes="3">
      <package name="galvanize-snacks-api">
        <metrics statements="3" coveredstatements="3" conditionals="0" coveredconditionals="0" methods="0" coveredmethods="0"/>
        <file name="knexfile.js" path="/Users/Wendy/galvanize/Q3/galvanize-snacks-api/knexfile.js">
          <metrics statements="3" coveredstatements="3" conditionals="0" coveredconditionals="0" methods="0" coveredmethods="0"/>
          <line num="1" count="1" type="stmt"/>
          <line num="2" count="1" type="stmt"/>
          <line num="4" count="1" type="stmt"/>
        </file>
      </package>
      <package name="galvanize-snacks-api.db">
        <metrics statements="4" coveredstatements="4" conditionals="2" coveredconditionals="1" methods="0" coveredmethods="0"/>
        <file name="knex.js" path="/Users/Wendy/galvanize/Q3/galvanize-snacks-api/db/knex.js">
          <metrics statements="4" coveredstatements="4" conditionals="2" coveredconditionals="1" methods="0" coveredmethods="0"/>
          <line num="1" count="1" type="cond" truecount="1" falsecount="1"/>
          <line num="2" count="1" type="stmt"/>
          <line num="3" count="1" type="stmt"/>
          <line num="5" count="1" type="stmt"/>
        </file>
      </package>
      <package name="galvanize-snacks-api.models">
        <metrics statements="13" coveredstatements="3" conditionals="2" coveredconditionals="0" methods="9" coveredmethods="1"/>
        <file name="snacks.js" path="/Users/Wendy/galvanize/Q3/galvanize-snacks-api/models/snacks.js">
          <metrics statements="13" coveredstatements="3" conditionals="2" coveredconditionals="0" methods="9" coveredmethods="1"/>
          <line num="1" count="1" type="stmt"/>
          <line num="5" count="1" type="stmt"/>
          <line num="9" count="0" type="stmt"/>
          <line num="13" count="0" type="cond" truecount="0" falsecount="2"/>
          <line num="14" count="0" type="stmt"/>
          <line num="19" count="0" type="stmt"/>
          <line num="21" count="0" type="stmt"/>
          <line num="22" count="0" type="stmt"/>
          <line num="27" count="0" type="stmt"/>
          <line num="31" count="0" type="stmt"/>
          <line num="37" count="0" type="stmt"/>
          <line num="44" count="0" type="stmt"/>
          <line num="51" count="1" type="stmt"/>
        </file>
      </package>
    </metrics>
  </project>
</coverage>
