{"/Users/Wendy/galvanize/Q3/galvanize-snacks-api/knexfile.js": {"path":"/Users/Wendy/galvanize/Q3/galvanize-snacks-api/knexfile.js","statementMap":{"0":{"start":{"line":1,"column":13},"end":{"line":1,"column":28}},"1":{"start":{"line":2,"column":0},"end":{"line":2,"column":24}},"2":{"start":{"line":4,"column":0},"end":{"line":38,"column":1}}},"fnMap":{},"branchMap":{},"s":{"0":1,"1":1,"2":1},"f":{},"b":{},"_coverageSchema":"332fd63041d2c1bcb487cc26dd0d5f7d97098a6c","hash":"b8a1a26dd29c10db262bfcf367020ec4e1b21ba6"}
,"/Users/Wendy/galvanize/Q3/galvanize-snacks-api/db/knex.js": {"path":"/Users/Wendy/galvanize/Q3/galvanize-snacks-api/db/knex.js","statementMap":{"0":{"start":{"line":1,"column":20},"end":{"line":1,"column":57}},"1":{"start":{"line":2,"column":19},"end":{"line":2,"column":54}},"2":{"start":{"line":3,"column":13},"end":{"line":3,"column":40}},"3":{"start":{"line":5,"column":0},"end":{"line":5,"column":21}}},"fnMap":{},"branchMap":{"0":{"loc":{"start":{"line":1,"column":20},"end":{"line":1,"column":57}},"type":"binary-expr","locations":[{"start":{"line":1,"column":20},"end":{"line":1,"column":40}},{"start":{"line":1,"column":44},"end":{"line":1,"column":57}}],"line":1}},"s":{"0":1,"1":1,"2":1,"3":1},"f":{},"b":{"0":[1,0]},"_coverageSchema":"332fd63041d2c1bcb487cc26dd0d5f7d97098a6c","hash":"a020ee060c82f1c953886ba53da0053da3e560c8"}
,"/Users/Wendy/galvanize/Q3/galvanize-snacks-api/models/snacks.js": {"path":"/Users/Wendy/galvanize/Q3/galvanize-snacks-api/models/snacks.js","statementMap":{"0":{"start":{"line":1,"column":13},"end":{"line":1,"column":34}},"1":{"start":{"line":5,"column":1},"end":{"line":5,"column":22}},"2":{"start":{"line":9,"column":1},"end":{"line":15,"column":4}},"3":{"start":{"line":13,"column":3},"end":{"line":13,"column":47}},"4":{"start":{"line":13,"column":15},"end":{"line":13,"column":47}},"5":{"start":{"line":14,"column":3},"end":{"line":14,"column":15}},"6":{"start":{"line":19,"column":1},"end":{"line":23,"column":4}},"7":{"start":{"line":21,"column":15},"end":{"line":21,"column":116}},"8":{"start":{"line":22,"column":3},"end":{"line":22,"column":60}},"9":{"start":{"line":27,"column":1},"end":{"line":27,"column":43}},"10":{"start":{"line":31,"column":1},"end":{"line":33,"column":19}},"11":{"start":{"line":37,"column":1},"end":{"line":40,"column":19}},"12":{"start":{"line":44,"column":1},"end":{"line":47,"column":19}},"13":{"start":{"line":51,"column":0},"end":{"line":51,"column":78}}},"fnMap":{"0":{"name":"index","decl":{"start":{"line":4,"column":9},"end":{"line":4,"column":14}},"loc":{"start":{"line":4,"column":17},"end":{"line":6,"column":1}},"line":4},"1":{"name":"getSnackById","decl":{"start":{"line":8,"column":9},"end":{"line":8,"column":21}},"loc":{"start":{"line":8,"column":26},"end":{"line":16,"column":1}},"line":8},"2":{"name":"(anonymous_2)","decl":{"start":{"line":12,"column":8},"end":{"line":12,"column":9}},"loc":{"start":{"line":12,"column":17},"end":{"line":15,"column":3}},"line":12},"3":{"name":"getFeatured","decl":{"start":{"line":18,"column":9},"end":{"line":18,"column":20}},"loc":{"start":{"line":18,"column":23},"end":{"line":24,"column":1}},"line":18},"4":{"name":"(anonymous_4)","decl":{"start":{"line":20,"column":8},"end":{"line":20,"column":9}},"loc":{"start":{"line":20,"column":18},"end":{"line":23,"column":3}},"line":20},"5":{"name":"generateRandomId","decl":{"start":{"line":26,"column":9},"end":{"line":26,"column":25}},"loc":{"start":{"line":26,"column":36},"end":{"line":28,"column":1}},"line":26},"6":{"name":"create","decl":{"start":{"line":30,"column":9},"end":{"line":30,"column":15}},"loc":{"start":{"line":30,"column":21},"end":{"line":34,"column":1}},"line":30},"7":{"name":"update","decl":{"start":{"line":36,"column":9},"end":{"line":36,"column":15}},"loc":{"start":{"line":36,"column":26},"end":{"line":41,"column":1}},"line":36},"8":{"name":"destroy","decl":{"start":{"line":43,"column":9},"end":{"line":43,"column":16}},"loc":{"start":{"line":43,"column":21},"end":{"line":48,"column":1}},"line":43}},"branchMap":{"0":{"loc":{"start":{"line":13,"column":3},"end":{"line":13,"column":47}},"type":"if","locations":[{"start":{"line":13,"column":3},"end":{"line":13,"column":47}},{"start":{"line":13,"column":3},"end":{"line":13,"column":47}}],"line":13}},"s":{"0":1,"1":1,"2":0,"3":0,"4":0,"5":0,"6":0,"7":0,"8":0,"9":0,"10":0,"11":0,"12":0,"13":1},"f":{"0":1,"1":0,"2":0,"3":0,"4":0,"5":0,"6":0,"7":0,"8":0},"b":{"0":[0,0]},"_coverageSchema":"332fd63041d2c1bcb487cc26dd0d5f7d97098a6c","hash":"039402270a4f5a8dff69a271129e19bc7015eba0"}
}
