TN:
SF:/Users/Wendy/galvanize/Q3/galvanize-snacks-api/knexfile.js
FNF:0
FNH:0
DA:1,1
DA:2,1
DA:4,1
LF:3
LH:3
BRF:0
BRH:0
end_of_record
TN:
SF:/Users/Wendy/galvanize/Q3/galvanize-snacks-api/db/knex.js
FNF:0
FNH:0
DA:1,1
DA:2,1
DA:3,1
DA:5,1
LF:4
LH:4
BRDA:1,0,0,1
BRDA:1,0,1,0
BRF:2
BRH:1
end_of_record
TN:
SF:/Users/Wendy/galvanize/Q3/galvanize-snacks-api/models/snacks.js
FN:4,index
FN:8,getSnackById
FN:12,(anonymous_2)
FN:18,getFeatured
FN:20,(anonymous_4)
FN:26,generateRandomId
FN:30,create
FN:36,update
FN:43,destroy
FNF:9
FNH:1
FNDA:1,index
FNDA:0,getSnackById
FNDA:0,(anonymous_2)
FNDA:0,getFeatured
FNDA:0,(anonymous_4)
FNDA:0,generateRandomId
FNDA:0,create
FNDA:0,update
FNDA:0,destroy
DA:1,1
DA:5,1
DA:9,0
DA:13,0
DA:14,0
DA:19,0
DA:21,0
DA:22,0
DA:27,0
DA:31,0
DA:37,0
DA:44,0
DA:51,1
LF:13
LH:3
BRDA:13,0,0,0
BRDA:13,0,1,0
BRF:2
BRH:0
end_of_record
